<?xml version="1.0" encoding="UTF-8"?>
<testsuite xmlns:xsi="http://www.w3.org/2001/XMLSchema-instance" xsi:noNamespaceSchemaLocation="https://maven.apache.org/surefire/maven-surefire-plugin/xsd/surefire-test-report.xsd" name="primitives.PrimitivesUnitTests" time="0.11" tests="9" errors="0" skipped="0" failures="0">
  <properties>
[...]
</properties>
  <testcase name="errorWithFloatingNumber" classname="primitives.PrimitivesUnitTests" time="0.053"/>
  <testcase name="overflowInt" classname="primitives.PrimitivesUnitTests" time="0.001"/>
  <testcase name="longToInteger" classname="primitives.PrimitivesUnitTests" time="0.002"/>
  <testcase name="overflowByte" classname="primitives.PrimitivesUnitTests" time="0.003"/>
  <testcase name="overflowLong" classname="primitives.PrimitivesUnitTests" time="0.002"/>
  <testcase name="floatToDouble" classname="primitives.PrimitivesUnitTests" time="0.002"/>
  <testcase name="overflowFloat" classname="primitives.PrimitivesUnitTests" time="0.002"/>
  <testcase name="overflowShort" classname="primitives.PrimitivesUnitTests" time="0.003"/>
  <testcase name="overflowDouble" classname="primitives.PrimitivesUnitTests" time="0.002"/>
</testsuite>