<?xml version="1.0" encoding="UTF-8"?>
<testsuite xmlns:xsi="http://www.w3.org/2001/XMLSchema-instance" xsi:noNamespaceSchemaLocation="https://maven.apache.org/surefire/maven-surefire-plugin/xsd/surefire-test-report.xsd" name="net.broscorp.gamelife.GameOfLifeTest" time="0.067" tests="1" errors="0" skipped="1" failures="0">
  <properties>
[...]
</properties>
  <testcase name="net.broscorp.gamelife.GameOfLifeTest" classname="net.broscorp.gamelife.GameOfLifeTest" time="0">
    <skipped message="class net.broscorp.gamelife.GameOfLifeTest is @Disabled"/>
  </testcase>
</testsuite>