<?xml version="1.0" encoding="UTF-8"?>
<testsuite xmlns:xsi="http://www.w3.org/2001/XMLSchema-instance" xsi:noNamespaceSchemaLocation="https://maven.apache.org/surefire/maven-surefire-plugin/xsd/surefire-test-report.xsd" name="net.broscorp.equals.hashcode.PersonInvariantsTest" time="0.032" tests="7" errors="0" skipped="0" failures="0">
  <properties>
[...]
</properties>
  <testcase name="nullEqualsTest" classname="net.broscorp.equals.hashcode.PersonInvariantsTest" time="0.009"/>
  <testcase name="ifEqualsReturnsTrueHashcodeShouldBeTheSame" classname="net.broscorp.equals.hashcode.PersonInvariantsTest" time="0.001"/>
  <testcase name="transitiveEqualsTest" classname="net.broscorp.equals.hashcode.PersonInvariantsTest" time="0.001"/>
  <testcase name="symmetricEqualsTest" classname="net.broscorp.equals.hashcode.PersonInvariantsTest" time="0.001"/>
  <testcase name="hashCodeOfSameObjectsShouldBeTheSame" classname="net.broscorp.equals.hashcode.PersonInvariantsTest" time="0.002"/>
  <testcase name="consistentEqualsTest" classname="net.broscorp.equals.hashcode.PersonInvariantsTest" time="0.001"/>
  <testcase name="reflexiveEqualsTest" classname="net.broscorp.equals.hashcode.PersonInvariantsTest" time="0.001"/>
</testsuite>