<?xml version="1.0" encoding="UTF-8"?>
<testsuite xmlns:xsi="http://www.w3.org/2001/XMLSchema-instance" xsi:noNamespaceSchemaLocation="https://maven.apache.org/surefire/maven-surefire-plugin/xsd/surefire-test-report.xsd" name="net.broscorp.gamelife.GameOfLifeTest" time="0.022" tests="6" errors="6" skipped="0" failures="0">
  <properties>
[...]
</properties>
  <testcase name="gliderFigure" classname="net.broscorp.gamelife.GameOfLifeTest" time="0.01">
    <error type="java.lang.NullPointerException">java.lang.NullPointerException
	at net.broscorp.gamelife.GameOfLifeTest.equalsFile(GameOfLifeTest.java:22)
	at net.broscorp.gamelife.GameOfLifeTest.gliderFigure(GameOfLifeTest.java:60)
</error>
  </testcase>
  <testcase name="gliderFigureEasy" classname="net.broscorp.gamelife.GameOfLifeTest" time="0.001">
    <error type="java.lang.NullPointerException">java.lang.NullPointerException
	at net.broscorp.gamelife.GameOfLifeTest.equalsFile(GameOfLifeTest.java:22)
	at net.broscorp.gamelife.GameOfLifeTest.gliderFigureEasy(GameOfLifeTest.java:54)
</error>
  </testcase>
  <testcase name="oscillatorFigure" classname="net.broscorp.gamelife.GameOfLifeTest" time="0.002">
    <error type="java.lang.NullPointerException">java.lang.NullPointerException
	at net.broscorp.gamelife.GameOfLifeTest.equalsFile(GameOfLifeTest.java:22)
	at net.broscorp.gamelife.GameOfLifeTest.oscillatorFigure(GameOfLifeTest.java:42)
</error>
  </testcase>
  <testcase name="stableFigure2" classname="net.broscorp.gamelife.GameOfLifeTest" time="0.001">
    <error type="java.lang.NullPointerException">java.lang.NullPointerException
	at net.broscorp.gamelife.GameOfLifeTest.equalsFile(GameOfLifeTest.java:22)
	at net.broscorp.gamelife.GameOfLifeTest.stableFigure2(GameOfLifeTest.java:36)
</error>
  </testcase>
  <testcase name="oscillatorFigure2" classname="net.broscorp.gamelife.GameOfLifeTest" time="0.001">
    <error type="java.lang.NullPointerException">java.lang.NullPointerException
	at net.broscorp.gamelife.GameOfLifeTest.equalsFile(GameOfLifeTest.java:22)
	at net.broscorp.gamelife.GameOfLifeTest.oscillatorFigure2(GameOfLifeTest.java:48)
</error>
  </testcase>
  <testcase name="stableFigure" classname="net.broscorp.gamelife.GameOfLifeTest" time="0.001">
    <error type="java.lang.NullPointerException">java.lang.NullPointerException
	at net.broscorp.gamelife.GameOfLifeTest.equalsFile(GameOfLifeTest.java:22)
	at net.broscorp.gamelife.GameOfLifeTest.stableFigure(GameOfLifeTest.java:30)
</error>
  </testcase>
</testsuite>